<?xml version="1.0" encoding="UTF-8"?>
<testng-results skipped="0" failed="0" total="2" passed="2">
  <reporter-output>
  </reporter-output>
  <suite name="Default suite" duration-ms="141909" started-at="2020-12-12T03:59:37Z" finished-at="2020-12-12T04:01:59Z">
    <groups>
    </groups>
    <test name="Default test" duration-ms="141909" started-at="2020-12-12T03:59:37Z" finished-at="2020-12-12T04:01:59Z">
      <class name="TestCases.Cases">
        <test-method status="PASS" signature="before()[pri:0, instance:TestCases.Cases@63e2203c]" name="before" is-config="true" duration-ms="99998" started-at="2020-12-12T09:29:37Z" finished-at="2020-12-12T09:31:17Z">
          <reporter-output>
          </reporter-output>
        </test-method> <!-- before -->
        <test-method status="PASS" signature="beforeMethod(java.lang.reflect.Method)[pri:0, instance:TestCases.Cases@63e2203c]" name="beforeMethod" is-config="true" duration-ms="252" started-at="2020-12-12T09:31:17Z" finished-at="2020-12-12T09:31:18Z">
          <params>
            <param index="0">
              <value>
                <![CDATA[public void TestCases.Cases.testcase()]]>
              </value>
            </param>
          </params>
          <reporter-output>
          </reporter-output>
        </test-method> <!-- beforeMethod -->
        <test-method status="PASS" signature="testcase()[pri:0, instance:TestCases.Cases@63e2203c]" name="testcase" duration-ms="22660" started-at="2020-12-12T09:31:18Z" finished-at="2020-12-12T09:31:40Z">
          <reporter-output>
          </reporter-output>
        </test-method> <!-- testcase -->
        <test-method status="PASS" signature="afterMethod(org.testng.ITestResult)[pri:0, instance:TestCases.Cases@63e2203c]" name="afterMethod" is-config="true" duration-ms="0" started-at="2020-12-12T09:31:40Z" finished-at="2020-12-12T09:31:40Z">
          <params>
            <param index="0">
              <value>
                <![CDATA[[TestResult name=testcase status=SUCCESS method=Cases.testcase()[pri:0, instance:TestCases.Cases@63e2203c] output={null}]]]>
              </value>
            </param>
          </params>
          <reporter-output>
          </reporter-output>
        </test-method> <!-- afterMethod -->
        <test-method status="PASS" signature="beforeMethod(java.lang.reflect.Method)[pri:0, instance:TestCases.Cases@63e2203c]" name="beforeMethod" is-config="true" duration-ms="5" started-at="2020-12-12T09:31:40Z" finished-at="2020-12-12T09:31:40Z">
          <params>
            <param index="0">
              <value>
                <![CDATA[public void TestCases.Cases.videos()]]>
              </value>
            </param>
          </params>
          <reporter-output>
          </reporter-output>
        </test-method> <!-- beforeMethod -->
        <test-method status="PASS" signature="videos()[pri:0, instance:TestCases.Cases@63e2203c]" name="videos" duration-ms="14697" started-at="2020-12-12T09:31:40Z" finished-at="2020-12-12T09:31:55Z">
          <reporter-output>
          </reporter-output>
        </test-method> <!-- videos -->
        <test-method status="PASS" signature="afterMethod(org.testng.ITestResult)[pri:0, instance:TestCases.Cases@63e2203c]" name="afterMethod" is-config="true" duration-ms="1" started-at="2020-12-12T09:31:55Z" finished-at="2020-12-12T09:31:55Z">
          <params>
            <param index="0">
              <value>
                <![CDATA[[TestResult name=videos status=SUCCESS method=Cases.videos()[pri:0, instance:TestCases.Cases@63e2203c] output={null}]]]>
              </value>
            </param>
          </params>
          <reporter-output>
          </reporter-output>
        </test-method> <!-- afterMethod -->
        <test-method status="PASS" signature="endTest()[pri:0, instance:TestCases.Cases@63e2203c]" name="endTest" is-config="true" duration-ms="4147" started-at="2020-12-12T09:31:55Z" finished-at="2020-12-12T09:31:59Z">
          <reporter-output>
          </reporter-output>
        </test-method> <!-- endTest -->
      </class> <!-- TestCases.Cases -->
    </test> <!-- Default test -->
  </suite> <!-- Default suite -->
</testng-results>
